INFO 2020-11-26 17:29:47,286 root : Сервер доступний. Час на сервері: test1
INFO 2020-11-26 17:29:47,287 root : Запитувана сторінка: : test2
INFO 2020-11-26 17:29:47,287 root : Відповідь сервера місти наступні поля:
INFO 2020-11-26 17:29:47,288 root : Ключ: date, Значення: test1
INFO 2020-11-26 17:29:47,288 root : Ключ: current_page, Значення: test2
INFO 2020-11-26 17:29:47,288 root : Ключ: server_info, Значення: test3
INFO 2020-11-26 17:29:47,288 root : Ключ: client_info, Значення: test4
INFO 2020-11-26 17:40:54,708 root : Сервер доступний. Час на сервері: 2020-11-26T15:40:54.703
INFO 2020-11-26 17:40:54,718 root : Запитувана сторінка: : test2
INFO 2020-11-26 17:40:54,719 root : Відповідь сервера місти наступні поля:
INFO 2020-11-26 17:40:54,719 root : Ключ: date, Значення: 2020-11-26T15:40:54.703
INFO 2020-11-26 17:40:54,719 root : Ключ: current_page, Значення: test2
INFO 2020-11-26 17:40:54,719 root : Ключ: server_info, Значення: test3
INFO 2020-11-26 17:40:54,720 root : Ключ: client_info, Значення: test4
INFO 2020-11-26 17:43:27,726 root : Сервер доступний. Час на сервері: 2020-11-26T15:43:27.723
INFO 2020-11-26 17:43:27,726 root : Запитувана сторінка: : test2
INFO 2020-11-26 17:43:27,726 root : Відповідь сервера місти наступні поля:
INFO 2020-11-26 17:43:27,727 root : Ключ: date, Значення: 2020-11-26T15:43:27.723
INFO 2020-11-26 17:43:27,727 root : Ключ: current_page, Значення: test2
INFO 2020-11-26 17:43:27,727 root : Ключ: server_info, Значення: test3
INFO 2020-11-26 17:43:27,727 root : Ключ: client_info, Значення: ['Linux', 'compukter', '5.4.0-53-generic', '#59-Ubuntu SMP Wed Oct 21 09:38:44 UTC 2020', 'x86_64']
INFO 2020-11-26 17:48:14,830 root : Сервер доступний. Час на сервері: 2020-11-26T15:48:14.826
INFO 2020-11-26 17:48:14,863 root : Запитувана сторінка: : test2
INFO 2020-11-26 17:48:14,863 root : Відповідь сервера місти наступні поля:
INFO 2020-11-26 17:48:14,864 root : Ключ: date, Значення: 2020-11-26T15:48:14.826
INFO 2020-11-26 17:48:14,864 root : Ключ: current_page, Значення: test2
INFO 2020-11-26 17:48:14,864 root : Ключ: server_info, Значення: test3
INFO 2020-11-26 17:48:14,865 root : Ключ: client_info, Значення: posix
INFO 2020-11-26 17:55:05,601 root : Сервер доступний. Час на сервері: 2020-11-26T15:55:05.598
INFO 2020-11-26 17:55:05,616 root : Запитувана сторінка: : test2
INFO 2020-11-26 17:55:05,616 root : Відповідь сервера місти наступні поля:
INFO 2020-11-26 17:55:05,616 root : Ключ: date, Значення: 2020-11-26T15:55:05.598
INFO 2020-11-26 17:55:05,617 root : Ключ: current_page, Значення: test2
INFO 2020-11-26 17:55:05,617 root : Ключ: server_info, Значення: test3
INFO 2020-11-26 17:55:05,617 root : Ключ: client_info, Значення: None
INFO 2020-11-26 17:56:09,250 root : Сервер доступний. Час на сервері: 2020-11-26T15:56:09.245
INFO 2020-11-26 17:56:09,251 root : Запитувана сторінка: : test2
INFO 2020-11-26 17:56:09,251 root : Відповідь сервера місти наступні поля:
INFO 2020-11-26 17:56:09,252 root : Ключ: date, Значення: 2020-11-26T15:56:09.245
INFO 2020-11-26 17:56:09,252 root : Ключ: current_page, Значення: test2
INFO 2020-11-26 17:56:09,252 root : Ключ: server_info, Значення: test3
INFO 2020-11-26 17:56:09,252 root : Ключ: client_info, Значення: ok
INFO 2020-11-26 18:00:47,142 root : Сервер доступний. Час на сервері: 2020-11-26T16:00:47.139
INFO 2020-11-26 18:00:47,153 root : Запитувана сторінка: : test2
INFO 2020-11-26 18:00:47,154 root : Відповідь сервера місти наступні поля:
INFO 2020-11-26 18:00:47,154 root : Ключ: date, Значення: 2020-11-26T16:00:47.139
INFO 2020-11-26 18:00:47,154 root : Ключ: current_page, Значення: test2
INFO 2020-11-26 18:00:47,155 root : Ключ: server_info, Значення: test3
INFO 2020-11-26 18:00:47,155 root : Ключ: client_info, Значення: Linux
INFO 2020-11-26 18:14:09,784 root : Сервер доступний. Час на сервері: 2020-11-26T16:14:09.780
INFO 2020-11-26 18:14:09,816 root : Запитувана сторінка: : http://localhost:8000/health/
INFO 2020-11-26 18:14:09,816 root : Відповідь сервера місти наступні поля:
INFO 2020-11-26 18:14:09,817 root : Ключ: date, Значення: 2020-11-26T16:14:09.780
INFO 2020-11-26 18:14:09,817 root : Ключ: current_page, Значення: http://localhost:8000/health/
INFO 2020-11-26 18:14:09,817 root : Ключ: server_info, Значення: posix
INFO 2020-11-26 18:14:09,817 root : Ключ: client_info, Значення: Linux
INFO 2020-11-26 18:20:26,794 root : Сервер доступний. Час на сервері: 2020-11-26T16:20:26.791
INFO 2020-11-26 18:20:26,795 root : Запитувана сторінка: : http://localhost:8000/health/
INFO 2020-11-26 18:20:26,795 root : Відповідь сервера місти наступні поля:
INFO 2020-11-26 18:20:26,795 root : Ключ: date, Значення: 2020-11-26T16:20:26.791
INFO 2020-11-26 18:20:26,795 root : Ключ: current_page, Значення: http://localhost:8000/health/
INFO 2020-11-26 18:20:26,795 root : Ключ: server_info, Значення: posix
INFO 2020-11-26 18:20:26,796 root : Ключ: client_info, Значення: compukter
INFO 2020-11-26 18:21:26,882 root : Сервер доступний. Час на сервері: 2020-11-26T16:21:26.878
INFO 2020-11-26 18:21:26,882 root : Запитувана сторінка: : http://localhost:8000/health/
INFO 2020-11-26 18:21:26,882 root : Відповідь сервера місти наступні поля:
INFO 2020-11-26 18:21:26,882 root : Ключ: date, Значення: 2020-11-26T16:21:26.878
INFO 2020-11-26 18:21:26,883 root : Ключ: current_page, Значення: http://localhost:8000/health/
INFO 2020-11-26 18:21:26,883 root : Ключ: server_info, Значення: posix
INFO 2020-11-26 18:21:26,883 root : Ключ: client_info, Значення: compukter
INFO 2020-11-26 18:21:43,524 root : Сервер доступний. Час на сервері: 2020-11-26T16:21:43.521
INFO 2020-11-26 18:21:43,525 root : Запитувана сторінка: : http://localhost:8000/health/
INFO 2020-11-26 18:21:43,525 root : Відповідь сервера місти наступні поля:
INFO 2020-11-26 18:21:43,525 root : Ключ: date, Значення: 2020-11-26T16:21:43.521
INFO 2020-11-26 18:21:43,525 root : Ключ: current_page, Значення: http://localhost:8000/health/
INFO 2020-11-26 18:21:43,525 root : Ключ: server_info, Значення: posix
INFO 2020-11-26 18:21:43,526 root : Ключ: client_info, Значення: compukter
INFO 2020-11-26 18:24:37,083 root : Сервер доступний. Час на сервері: 2020-11-26T16:24:37.079
INFO 2020-11-26 18:24:37,083 root : Запитувана сторінка: : http://localhost:8000/health/
INFO 2020-11-26 18:24:37,083 root : Відповідь сервера місти наступні поля:
INFO 2020-11-26 18:24:37,084 root : Ключ: date, Значення: 2020-11-26T16:24:37.079
INFO 2020-11-26 18:24:37,084 root : Ключ: current_page, Значення: http://localhost:8000/health/
INFO 2020-11-26 18:24:37,084 root : Ключ: server_info, Значення: posix
INFO 2020-11-26 18:24:37,084 root : Ключ: client_info, Значення: compukter
INFO 2020-11-26 18:24:42,116 root : Сервер доступний. Час на сервері: 2020-11-26T16:24:42.112
INFO 2020-11-26 18:24:42,116 root : Запитувана сторінка: : http://localhost:8000/health/
INFO 2020-11-26 18:24:42,116 root : Відповідь сервера місти наступні поля:
INFO 2020-11-26 18:24:42,117 root : Ключ: date, Значення: 2020-11-26T16:24:42.112
INFO 2020-11-26 18:24:42,117 root : Ключ: current_page, Значення: http://localhost:8000/health/
INFO 2020-11-26 18:24:42,117 root : Ключ: server_info, Значення: posix
INFO 2020-11-26 18:24:42,117 root : Ключ: client_info, Значення: compukter
INFO 2020-11-26 18:24:47,149 root : Сервер доступний. Час на сервері: 2020-11-26T16:24:47.146
INFO 2020-11-26 18:24:47,149 root : Запитувана сторінка: : http://localhost:8000/health/
INFO 2020-11-26 18:24:47,149 root : Відповідь сервера місти наступні поля:
INFO 2020-11-26 18:24:47,150 root : Ключ: date, Значення: 2020-11-26T16:24:47.146
INFO 2020-11-26 18:24:47,150 root : Ключ: current_page, Значення: http://localhost:8000/health/
INFO 2020-11-26 18:24:47,150 root : Ключ: server_info, Значення: posix
INFO 2020-11-26 18:24:47,150 root : Ключ: client_info, Значення: compukter
INFO 2020-11-26 18:24:52,176 root : Сервер доступний. Час на сервері: 2020-11-26T16:24:52.173
INFO 2020-11-26 18:24:52,176 root : Запитувана сторінка: : http://localhost:8000/health/
INFO 2020-11-26 18:24:52,176 root : Відповідь сервера місти наступні поля:
INFO 2020-11-26 18:24:52,176 root : Ключ: date, Значення: 2020-11-26T16:24:52.173
INFO 2020-11-26 18:24:52,176 root : Ключ: current_page, Значення: http://localhost:8000/health/
INFO 2020-11-26 18:24:52,177 root : Ключ: server_info, Значення: posix
INFO 2020-11-26 18:24:52,177 root : Ключ: client_info, Значення: compukter
INFO 2020-11-26 18:24:57,207 root : Сервер доступний. Час на сервері: 2020-11-26T16:24:57.204
INFO 2020-11-26 18:24:57,207 root : Запитувана сторінка: : http://localhost:8000/health/
INFO 2020-11-26 18:24:57,208 root : Відповідь сервера місти наступні поля:
INFO 2020-11-26 18:24:57,208 root : Ключ: date, Значення: 2020-11-26T16:24:57.204
INFO 2020-11-26 18:24:57,208 root : Ключ: current_page, Значення: http://localhost:8000/health/
INFO 2020-11-26 18:24:57,208 root : Ключ: server_info, Значення: posix
INFO 2020-11-26 18:24:57,208 root : Ключ: client_info, Значення: compukter
INFO 2020-11-26 18:25:02,237 root : Сервер доступний. Час на сервері: 2020-11-26T16:25:02.234
INFO 2020-11-26 18:25:02,238 root : Запитувана сторінка: : http://localhost:8000/health/
INFO 2020-11-26 18:25:02,238 root : Відповідь сервера місти наступні поля:
INFO 2020-11-26 18:25:02,238 root : Ключ: date, Значення: 2020-11-26T16:25:02.234
INFO 2020-11-26 18:25:02,238 root : Ключ: current_page, Значення: http://localhost:8000/health/
INFO 2020-11-26 18:25:02,239 root : Ключ: server_info, Значення: posix
INFO 2020-11-26 18:25:02,239 root : Ключ: client_info, Значення: compukter
INFO 2020-11-26 18:25:07,268 root : Сервер доступний. Час на сервері: 2020-11-26T16:25:07.264
INFO 2020-11-26 18:25:07,268 root : Запитувана сторінка: : http://localhost:8000/health/
INFO 2020-11-26 18:25:07,268 root : Відповідь сервера місти наступні поля:
INFO 2020-11-26 18:25:07,269 root : Ключ: date, Значення: 2020-11-26T16:25:07.264
INFO 2020-11-26 18:25:07,269 root : Ключ: current_page, Значення: http://localhost:8000/health/
INFO 2020-11-26 18:25:07,269 root : Ключ: server_info, Значення: posix
INFO 2020-11-26 18:25:07,269 root : Ключ: client_info, Значення: compukter
INFO 2020-11-26 18:25:12,303 root : Сервер доступний. Час на сервері: 2020-11-26T16:25:12.299
INFO 2020-11-26 18:25:12,304 root : Запитувана сторінка: : http://localhost:8000/health/
INFO 2020-11-26 18:25:12,304 root : Відповідь сервера місти наступні поля:
INFO 2020-11-26 18:25:12,304 root : Ключ: date, Значення: 2020-11-26T16:25:12.299
INFO 2020-11-26 18:25:12,304 root : Ключ: current_page, Значення: http://localhost:8000/health/
INFO 2020-11-26 18:25:12,305 root : Ключ: server_info, Значення: posix
INFO 2020-11-26 18:25:12,305 root : Ключ: client_info, Значення: compukter
INFO 2020-11-26 18:30:18,404 root : Сервер доступний. Час на сервері: 2020-11-26T16:30:18.400
INFO 2020-11-26 18:30:18,404 root : Запитувана сторінка: : http://localhost:8000/health/
INFO 2020-11-26 18:30:18,405 root : Відповідь сервера місти наступні поля:
INFO 2020-11-26 18:30:18,405 root : Ключ: date, Значення: 2020-11-26T16:30:18.400
INFO 2020-11-26 18:30:18,405 root : Ключ: current_page, Значення: http://localhost:8000/health/
INFO 2020-11-26 18:30:18,405 root : Ключ: server_info, Значення: posix
INFO 2020-11-26 18:30:18,405 root : Ключ: client_info, Значення: compukter
INFO 2020-11-26 18:30:23,437 root : Сервер доступний. Час на сервері: 2020-11-26T16:30:23.433
INFO 2020-11-26 18:30:23,437 root : Запитувана сторінка: : http://localhost:8000/health/
INFO 2020-11-26 18:30:23,437 root : Відповідь сервера місти наступні поля:
INFO 2020-11-26 18:30:23,438 root : Ключ: date, Значення: 2020-11-26T16:30:23.433
INFO 2020-11-26 18:30:23,438 root : Ключ: current_page, Значення: http://localhost:8000/health/
INFO 2020-11-26 18:30:23,438 root : Ключ: server_info, Значення: posix
INFO 2020-11-26 18:30:23,438 root : Ключ: client_info, Значення: compukter
INFO 2020-11-26 18:30:28,472 root : Сервер доступний. Час на сервері: 2020-11-26T16:30:28.468
INFO 2020-11-26 18:30:28,472 root : Запитувана сторінка: : http://localhost:8000/health/
INFO 2020-11-26 18:30:28,473 root : Відповідь сервера місти наступні поля:
INFO 2020-11-26 18:30:28,473 root : Ключ: date, Значення: 2020-11-26T16:30:28.468
INFO 2020-11-26 18:30:28,473 root : Ключ: current_page, Значення: http://localhost:8000/health/
INFO 2020-11-26 18:30:28,473 root : Ключ: server_info, Значення: posix
INFO 2020-11-26 18:30:28,473 root : Ключ: client_info, Значення: compukter
INFO 2020-11-26 18:30:33,500 root : Сервер доступний. Час на сервері: 2020-11-26T16:30:33.497
INFO 2020-11-26 18:30:33,501 root : Запитувана сторінка: : http://localhost:8000/health/
INFO 2020-11-26 18:30:33,501 root : Відповідь сервера місти наступні поля:
INFO 2020-11-26 18:30:33,501 root : Ключ: date, Значення: 2020-11-26T16:30:33.497
INFO 2020-11-26 18:30:33,501 root : Ключ: current_page, Значення: http://localhost:8000/health/
INFO 2020-11-26 18:30:33,501 root : Ключ: server_info, Значення: posix
INFO 2020-11-26 18:30:33,502 root : Ключ: client_info, Значення: compukter
INFO 2020-11-26 18:30:38,533 root : Сервер доступний. Час на сервері: 2020-11-26T16:30:38.530
INFO 2020-11-26 18:30:38,533 root : Запитувана сторінка: : http://localhost:8000/health/
INFO 2020-11-26 18:30:38,534 root : Відповідь сервера місти наступні поля:
INFO 2020-11-26 18:30:38,534 root : Ключ: date, Значення: 2020-11-26T16:30:38.530
INFO 2020-11-26 18:30:38,534 root : Ключ: current_page, Значення: http://localhost:8000/health/
INFO 2020-11-26 18:30:38,534 root : Ключ: server_info, Значення: posix
INFO 2020-11-26 18:30:38,534 root : Ключ: client_info, Значення: compukter
INFO 2020-11-26 18:30:43,577 root : Сервер доступний. Час на сервері: 2020-11-26T16:30:43.573
INFO 2020-11-26 18:30:43,577 root : Запитувана сторінка: : http://localhost:8000/health/
INFO 2020-11-26 18:30:43,577 root : Відповідь сервера місти наступні поля:
INFO 2020-11-26 18:30:43,577 root : Ключ: date, Значення: 2020-11-26T16:30:43.573
INFO 2020-11-26 18:30:43,578 root : Ключ: current_page, Значення: http://localhost:8000/health/
INFO 2020-11-26 18:30:43,578 root : Ключ: server_info, Значення: posix
INFO 2020-11-26 18:30:43,578 root : Ключ: client_info, Значення: compukter
INFO 2020-11-26 18:30:48,610 root : Сервер доступний. Час на сервері: 2020-11-26T16:30:48.607
INFO 2020-11-26 18:30:48,611 root : Запитувана сторінка: : http://localhost:8000/health/
INFO 2020-11-26 18:30:48,611 root : Відповідь сервера місти наступні поля:
INFO 2020-11-26 18:30:48,611 root : Ключ: date, Значення: 2020-11-26T16:30:48.607
INFO 2020-11-26 18:30:48,611 root : Ключ: current_page, Значення: http://localhost:8000/health/
INFO 2020-11-26 18:30:48,611 root : Ключ: server_info, Значення: posix
INFO 2020-11-26 18:30:48,612 root : Ключ: client_info, Значення: compukter
INFO 2020-11-26 18:30:53,644 root : Сервер доступний. Час на сервері: 2020-11-26T16:30:53.640
INFO 2020-11-26 18:30:53,644 root : Запитувана сторінка: : http://localhost:8000/health/
INFO 2020-11-26 18:30:53,645 root : Відповідь сервера місти наступні поля:
INFO 2020-11-26 18:30:53,645 root : Ключ: date, Значення: 2020-11-26T16:30:53.640
INFO 2020-11-26 18:30:53,645 root : Ключ: current_page, Значення: http://localhost:8000/health/
INFO 2020-11-26 18:30:53,645 root : Ключ: server_info, Значення: posix
INFO 2020-11-26 18:30:53,645 root : Ключ: client_info, Значення: compukter
INFO 2020-11-26 18:30:58,677 root : Сервер доступний. Час на сервері: 2020-11-26T16:30:58.674
INFO 2020-11-26 18:30:58,678 root : Запитувана сторінка: : http://localhost:8000/health/
INFO 2020-11-26 18:30:58,678 root : Відповідь сервера місти наступні поля:
INFO 2020-11-26 18:30:58,678 root : Ключ: date, Значення: 2020-11-26T16:30:58.674
INFO 2020-11-26 18:30:58,678 root : Ключ: current_page, Значення: http://localhost:8000/health/
INFO 2020-11-26 18:30:58,678 root : Ключ: server_info, Значення: posix
INFO 2020-11-26 18:30:58,679 root : Ключ: client_info, Значення: compukter
INFO 2020-11-26 18:31:03,711 root : Сервер доступний. Час на сервері: 2020-11-26T16:31:03.706
INFO 2020-11-26 18:31:03,711 root : Запитувана сторінка: : http://localhost:8000/health/
INFO 2020-11-26 18:31:03,711 root : Відповідь сервера місти наступні поля:
INFO 2020-11-26 18:31:03,711 root : Ключ: date, Значення: 2020-11-26T16:31:03.706
INFO 2020-11-26 18:31:03,712 root : Ключ: current_page, Значення: http://localhost:8000/health/
INFO 2020-11-26 18:31:03,712 root : Ключ: server_info, Значення: posix
INFO 2020-11-26 18:31:03,712 root : Ключ: client_info, Значення: compukter
INFO 2020-11-26 18:31:08,758 root : Сервер доступний. Час на сервері: 2020-11-26T16:31:08.752
INFO 2020-11-26 18:31:08,759 root : Запитувана сторінка: : http://localhost:8000/health/
INFO 2020-11-26 18:31:08,760 root : Відповідь сервера місти наступні поля:
INFO 2020-11-26 18:31:08,760 root : Ключ: date, Значення: 2020-11-26T16:31:08.752
INFO 2020-11-26 18:31:08,760 root : Ключ: current_page, Значення: http://localhost:8000/health/
INFO 2020-11-26 18:31:08,760 root : Ключ: server_info, Значення: posix
INFO 2020-11-26 18:31:08,761 root : Ключ: client_info, Значення: compukter
INFO 2020-11-26 18:31:13,791 root : Сервер доступний. Час на сервері: 2020-11-26T16:31:13.787
INFO 2020-11-26 18:31:13,792 root : Запитувана сторінка: : http://localhost:8000/health/
INFO 2020-11-26 18:31:13,792 root : Відповідь сервера місти наступні поля:
INFO 2020-11-26 18:31:13,792 root : Ключ: date, Значення: 2020-11-26T16:31:13.787
INFO 2020-11-26 18:31:13,792 root : Ключ: current_page, Значення: http://localhost:8000/health/
INFO 2020-11-26 18:31:13,793 root : Ключ: server_info, Значення: posix
INFO 2020-11-26 18:31:13,793 root : Ключ: client_info, Значення: compukter
INFO 2020-11-26 18:31:18,823 root : Сервер доступний. Час на сервері: 2020-11-26T16:31:18.820
INFO 2020-11-26 18:31:18,824 root : Запитувана сторінка: : http://localhost:8000/health/
INFO 2020-11-26 18:31:18,824 root : Відповідь сервера місти наступні поля:
INFO 2020-11-26 18:31:18,824 root : Ключ: date, Значення: 2020-11-26T16:31:18.820
INFO 2020-11-26 18:31:18,824 root : Ключ: current_page, Значення: http://localhost:8000/health/
INFO 2020-11-26 18:31:18,824 root : Ключ: server_info, Значення: posix
INFO 2020-11-26 18:31:18,824 root : Ключ: client_info, Значення: compukter
INFO 2020-11-26 18:31:23,856 root : Сервер доступний. Час на сервері: 2020-11-26T16:31:23.852
INFO 2020-11-26 18:31:23,856 root : Запитувана сторінка: : http://localhost:8000/health/
INFO 2020-11-26 18:31:23,856 root : Відповідь сервера місти наступні поля:
INFO 2020-11-26 18:31:23,857 root : Ключ: date, Значення: 2020-11-26T16:31:23.852
INFO 2020-11-26 18:31:23,857 root : Ключ: current_page, Значення: http://localhost:8000/health/
INFO 2020-11-26 18:31:23,857 root : Ключ: server_info, Значення: posix
INFO 2020-11-26 18:31:23,857 root : Ключ: client_info, Значення: compukter
INFO 2020-11-26 18:31:28,892 root : Сервер доступний. Час на сервері: 2020-11-26T16:31:28.888
INFO 2020-11-26 18:31:28,893 root : Запитувана сторінка: : http://localhost:8000/health/
INFO 2020-11-26 18:31:28,894 root : Відповідь сервера місти наступні поля:
INFO 2020-11-26 18:31:28,894 root : Ключ: date, Значення: 2020-11-26T16:31:28.888
INFO 2020-11-26 18:31:28,894 root : Ключ: current_page, Значення: http://localhost:8000/health/
INFO 2020-11-26 18:31:28,894 root : Ключ: server_info, Значення: posix
INFO 2020-11-26 18:31:28,894 root : Ключ: client_info, Значення: compukter
INFO 2020-11-26 18:31:33,927 root : Сервер доступний. Час на сервері: 2020-11-26T16:31:33.922
INFO 2020-11-26 18:31:33,927 root : Запитувана сторінка: : http://localhost:8000/health/
INFO 2020-11-26 18:31:33,927 root : Відповідь сервера місти наступні поля:
INFO 2020-11-26 18:31:33,928 root : Ключ: date, Значення: 2020-11-26T16:31:33.922
INFO 2020-11-26 18:31:33,928 root : Ключ: current_page, Значення: http://localhost:8000/health/
INFO 2020-11-26 18:31:33,928 root : Ключ: server_info, Значення: posix
INFO 2020-11-26 18:31:33,928 root : Ключ: client_info, Значення: compukter
ERROR 2020-11-26 18:38:26,055 root : Error: HTTPConnectionPool(host='localhost', port=8000): Max retries exceeded with url: /health (Caused by NewConnectionError('<urllib3.connection.HTTPConnection object at 0x7faab09ca220>: Failed to establish a new connection: [Errno 111] Connection refused'))
ERROR 2020-11-26 18:38:31,065 root : Error: HTTPConnectionPool(host='localhost', port=8000): Max retries exceeded with url: /health (Caused by NewConnectionError('<urllib3.connection.HTTPConnection object at 0x7faab09caaf0>: Failed to establish a new connection: [Errno 111] Connection refused'))
ERROR 2020-11-26 18:39:19,142 root : HTTPConnectionPool(host='localhost', port=8000): Max retries exceeded with url: /health (Caused by NewConnectionError('<urllib3.connection.HTTPConnection object at 0x7f1d589f8220>: Failed to establish a new connection: [Errno 111] Connection refused'))
ERROR 2020-11-26 18:39:24,157 root : HTTPConnectionPool(host='localhost', port=8000): Max retries exceeded with url: /health (Caused by NewConnectionError('<urllib3.connection.HTTPConnection object at 0x7f1d589f8af0>: Failed to establish a new connection: [Errno 111] Connection refused'))
ERROR 2020-11-26 18:39:29,169 root : HTTPConnectionPool(host='localhost', port=8000): Max retries exceeded with url: /health (Caused by NewConnectionError('<urllib3.connection.HTTPConnection object at 0x7f1d5899d340>: Failed to establish a new connection: [Errno 111] Connection refused'))
ERROR 2020-11-26 18:39:34,179 root : HTTPConnectionPool(host='localhost', port=8000): Max retries exceeded with url: /health (Caused by NewConnectionError('<urllib3.connection.HTTPConnection object at 0x7f1d589f8f10>: Failed to establish a new connection: [Errno 111] Connection refused'))
INFO 2020-11-26 18:46:49,457 root : Сервер доступний. Час на сервері: 2020-11-26T16:46:49.454
INFO 2020-11-26 18:46:49,458 root : Запитувана сторінка: : http://localhost:8000/health/
INFO 2020-11-26 18:46:49,458 root : Відповідь сервера місти наступні поля:
INFO 2020-11-26 18:46:49,458 root : Ключ: date, Значення: 2020-11-26T16:46:49.454
INFO 2020-11-26 18:46:49,458 root : Ключ: current_page, Значення: http://localhost:8000/health/
INFO 2020-11-26 18:46:49,458 root : Ключ: server_info, Значення: posix
INFO 2020-11-26 18:46:49,458 root : Ключ: client_info, Значення: compukter
INFO 2020-11-26 18:46:54,492 root : Сервер доступний. Час на сервері: 2020-11-26T16:46:54.488
INFO 2020-11-26 18:46:54,492 root : Запитувана сторінка: : http://localhost:8000/health/
INFO 2020-11-26 18:46:54,492 root : Відповідь сервера місти наступні поля:
INFO 2020-11-26 18:46:54,493 root : Ключ: date, Значення: 2020-11-26T16:46:54.488
INFO 2020-11-26 18:46:54,493 root : Ключ: current_page, Значення: http://localhost:8000/health/
INFO 2020-11-26 18:46:54,493 root : Ключ: server_info, Значення: posix
INFO 2020-11-26 18:46:54,493 root : Ключ: client_info, Значення: compukter
INFO 2020-11-26 18:46:59,524 root : Сервер доступний. Час на сервері: 2020-11-26T16:46:59.521
INFO 2020-11-26 18:46:59,525 root : Запитувана сторінка: : http://localhost:8000/health/
INFO 2020-11-26 18:46:59,525 root : Відповідь сервера місти наступні поля:
INFO 2020-11-26 18:46:59,525 root : Ключ: date, Значення: 2020-11-26T16:46:59.521
INFO 2020-11-26 18:46:59,525 root : Ключ: current_page, Значення: http://localhost:8000/health/
INFO 2020-11-26 18:46:59,525 root : Ключ: server_info, Значення: posix
INFO 2020-11-26 18:46:59,526 root : Ключ: client_info, Значення: compukter
INFO 2020-11-26 18:47:04,557 root : Сервер доступний. Час на сервері: 2020-11-26T16:47:04.554
INFO 2020-11-26 18:47:04,558 root : Запитувана сторінка: : http://localhost:8000/health/
INFO 2020-11-26 18:47:04,558 root : Відповідь сервера місти наступні поля:
INFO 2020-11-26 18:47:04,558 root : Ключ: date, Значення: 2020-11-26T16:47:04.554
INFO 2020-11-26 18:47:04,558 root : Ключ: current_page, Значення: http://localhost:8000/health/
INFO 2020-11-26 18:47:04,559 root : Ключ: server_info, Значення: posix
INFO 2020-11-26 18:47:04,559 root : Ключ: client_info, Значення: compukter
ERROR 2020-11-26 18:47:09,572 root : HTTPConnectionPool(host='localhost', port=8000): Max retries exceeded with url: /health (Caused by NewConnectionError('<urllib3.connection.HTTPConnection object at 0x7ff2cb0c5460>: Failed to establish a new connection: [Errno 111] Connection refused'))
ERROR 2020-11-26 18:47:14,587 root : HTTPConnectionPool(host='localhost', port=8000): Max retries exceeded with url: /health (Caused by NewConnectionError('<urllib3.connection.HTTPConnection object at 0x7ff2cb071460>: Failed to establish a new connection: [Errno 111] Connection refused'))
